<?xml version="1.0" encoding="UTF-8"?>
<testsuite name="prompted.registration.RegistrationApiTests" tests="19" skipped="0" failures="0" errors="0" timestamp="2026-02-03T20:33:45.930Z" hostname="M-HDY20P7WW5" time="0.341">
  <properties/>
  <testcase name="400 - пароль без спецсимволов" classname="prompted.registration.RegistrationApiTests" time="0.233"/>
  <testcase name="400 - нет full_name" classname="prompted.registration.RegistrationApiTests" time="0.004"/>
  <testcase name="400 - нет phone" classname="prompted.registration.RegistrationApiTests" time="0.003"/>
  <testcase name="429 - rate limit" classname="prompted.registration.RegistrationApiTests" time="0.019"/>
  <testcase name="400 - короткое имя" classname="prompted.registration.RegistrationApiTests" time="0.003"/>
  <testcase name="Успешная регистрация" classname="prompted.registration.RegistrationApiTests" time="0.011"/>
  <testcase name="400 - короткий пароль" classname="prompted.registration.RegistrationApiTests" time="0.003"/>
  <testcase name="400 - нет email" classname="prompted.registration.RegistrationApiTests" time="0.004"/>
  <testcase name="400 - невалидный телефон" classname="prompted.registration.RegistrationApiTests" time="0.005"/>
  <testcase name="400 - нет password" classname="prompted.registration.RegistrationApiTests" time="0.004"/>
  <testcase name="400 - невалидный email" classname="prompted.registration.RegistrationApiTests" time="0.004"/>
  <testcase name="400 - пароль без цифр" classname="prompted.registration.RegistrationApiTests" time="0.004"/>
  <testcase name="400 - длинное имя" classname="prompted.registration.RegistrationApiTests" time="0.006"/>
  <testcase name="409 - дубликат телефона" classname="prompted.registration.RegistrationApiTests" time="0.008"/>
  <testcase name="UTF-8 в имени" classname="prompted.registration.RegistrationApiTests" time="0.004"/>
  <testcase name="SQL Injection отклонен" classname="prompted.registration.RegistrationApiTests" time="0.003"/>
  <testcase name="409 - дубликат email" classname="prompted.registration.RegistrationApiTests" time="0.006"/>
  <testcase name="400 - пароль без заглавных" classname="prompted.registration.RegistrationApiTests" time="0.005"/>
  <testcase name="400 - пароль содержит имя" classname="prompted.registration.RegistrationApiTests" time="0.005"/>
  <system-out><![CDATA[]]></system-out>
  <system-err><![CDATA[SLF4J: Failed to load class "org.slf4j.impl.StaticLoggerBinder".
SLF4J: Defaulting to no-operation (NOP) logger implementation
SLF4J: See http://www.slf4j.org/codes.html#StaticLoggerBinder for further details.
]]></system-err>
</testsuite>
